
Symbol table '.symtab' contains 28 entries:
   Num:    Value  Size Type    Bind   Vis      Ndx Name
     0: 00000000     0 NOTYPE  LOCAL  DEFAULT  UND 
     1: 00000000     0 SECTION LOCAL  DEFAULT    1 
     2: 00000000     0 SECTION LOCAL  DEFAULT    2 
     3: 00000000     0 SECTION LOCAL  DEFAULT    3 
     4: 00000000     0 NOTYPE  LOCAL  DEFAULT    1 $t
     5: 00000002     0 NOTYPE  LOCAL  DEFAULT    1 Loop
     6: 00000022     0 NOTYPE  LOCAL  DEFAULT    1 Give_func
     7: 00000058     0 NOTYPE  LOCAL  DEFAULT    1 StoreFromInv
     8: 00000010     0 NOTYPE  LOCAL  DEFAULT    1 $d
     9: 00000012     0 NOTYPE  LOCAL  DEFAULT    1 ReturnSkipped
    10: 00000012     0 NOTYPE  LOCAL  DEFAULT    1 $t
    11: 0000001e     0 NOTYPE  LOCAL  DEFAULT    1 EndLoop
    12: 00000050     0 NOTYPE  LOCAL  DEFAULT    1 ReturnTo
    13: 0000004c     0 NOTYPE  LOCAL  DEFAULT    1 AbilityGetter
    14: 0000002a     0 NOTYPE  LOCAL  DEFAULT    1 $d
    15: 0000002c     0 NOTYPE  LOCAL  DEFAULT    1 $t
    16: 00000036     0 NOTYPE  LOCAL  DEFAULT    1 NoStore
    17: 0000003e     0 NOTYPE  LOCAL  DEFAULT    1 End
    18: 00000054     0 NOTYPE  LOCAL  DEFAULT    1 StoreFunc
    19: 00000044     0 NOTYPE  LOCAL  DEFAULT    1 $d
    20: 00000046     0 NOTYPE  LOCAL  DEFAULT    1 $t
    21: 0000004c     0 NOTYPE  LOCAL  DEFAULT    1 $d
    22: 00000000     0 SECTION LOCAL  DEFAULT    6 
    23: 0000000c     0 NOTYPE  LOCAL  DEFAULT    9 $d
    24: 00000000     0 SECTION LOCAL  DEFAULT    8 
    25: 00000000     0 SECTION LOCAL  DEFAULT    4 
    26: 00000000     0 SECTION LOCAL  DEFAULT    9 
    27: 00000000     0 SECTION LOCAL  DEFAULT   11 
