
Symbol table '.symtab' contains 22 entries:
   Num:    Value  Size Type    Bind   Vis      Ndx Name
     0: 00000000     0 NOTYPE  LOCAL  DEFAULT  UND 
     1: 00000000     0 SECTION LOCAL  DEFAULT    1 
     2: 00000000     0 SECTION LOCAL  DEFAULT    2 
     3: 00000000     0 SECTION LOCAL  DEFAULT    3 
     4: 00000000     0 NOTYPE  LOCAL  DEFAULT    1 $t
     5: 00000014     0 NOTYPE  LOCAL  DEFAULT    1 Skip
     6: 0000000e     0 NOTYPE  LOCAL  DEFAULT    1 $d
     7: 00000010     0 NOTYPE  LOCAL  DEFAULT    1 $t
     8: 00000038     0 NOTYPE  LOCAL  DEFAULT    1 MuteCheck
     9: 00000026     0 NOTYPE  LOCAL  DEFAULT    1 End
    10: 00000034     0 NOTYPE  LOCAL  DEFAULT    1 PlaySound
    11: 00000024     0 NOTYPE  LOCAL  DEFAULT    1 $d
    12: 00000026     0 NOTYPE  LOCAL  DEFAULT    1 $t
    13: 0000003c     0 NOTYPE  LOCAL  DEFAULT    1 ReturnSkip
    14: 00000034     0 NOTYPE  LOCAL  DEFAULT    1 $d
    15: 00000040     0 NOTYPE  LOCAL  DEFAULT    1 $d
    16: 00000000     0 SECTION LOCAL  DEFAULT    6 
    17: 0000000c     0 NOTYPE  LOCAL  DEFAULT    9 $d
    18: 00000000     0 SECTION LOCAL  DEFAULT    8 
    19: 00000000     0 SECTION LOCAL  DEFAULT    4 
    20: 00000000     0 SECTION LOCAL  DEFAULT    9 
    21: 00000000     0 SECTION LOCAL  DEFAULT   11 
