
Symbol table '.symtab' contains 26 entries:
   Num:    Value  Size Type    Bind   Vis      Ndx Name
     0: 00000000     0 NOTYPE  LOCAL  DEFAULT  UND 
     1: 00000000     0 SECTION LOCAL  DEFAULT    1 
     2: 00000000     0 SECTION LOCAL  DEFAULT    2 
     3: 00000000     0 SECTION LOCAL  DEFAULT    3 
     4: 00000000     0 NOTYPE  LOCAL  DEFAULT    1 $t
     5: 00000040     0 NOTYPE  LOCAL  DEFAULT    1 AbilityGetter
     6: 0000000c     0 NOTYPE  LOCAL  DEFAULT    1 $d
     7: 0000000e     0 NOTYPE  LOCAL  DEFAULT    1 $t
     8: 00000018     0 NOTYPE  LOCAL  DEFAULT    1 NoStore
     9: 00000032     0 NOTYPE  LOCAL  DEFAULT    1 End
    10: 0000004c     0 NOTYPE  LOCAL  DEFAULT    1 MuteCheck
    11: 0000002a     0 NOTYPE  LOCAL  DEFAULT    1 Mute
    12: 00000044     0 NOTYPE  LOCAL  DEFAULT    1 PlaySound
    13: 00000028     0 NOTYPE  LOCAL  DEFAULT    1 $d
    14: 0000002a     0 NOTYPE  LOCAL  DEFAULT    1 $t
    15: 00000048     0 NOTYPE  LOCAL  DEFAULT    1 ReturnSkip
    16: 00000050     0 NOTYPE  LOCAL  DEFAULT    1 StoreFunc
    17: 00000038     0 NOTYPE  LOCAL  DEFAULT    1 $d
    18: 0000003a     0 NOTYPE  LOCAL  DEFAULT    1 $t
    19: 00000040     0 NOTYPE  LOCAL  DEFAULT    1 $d
    20: 00000000     0 SECTION LOCAL  DEFAULT    6 
    21: 0000000c     0 NOTYPE  LOCAL  DEFAULT    9 $d
    22: 00000000     0 SECTION LOCAL  DEFAULT    8 
    23: 00000000     0 SECTION LOCAL  DEFAULT    4 
    24: 00000000     0 SECTION LOCAL  DEFAULT    9 
    25: 00000000     0 SECTION LOCAL  DEFAULT   11 
