
Symbol table '.symtab' contains 25 entries:
   Num:    Value  Size Type    Bind   Vis      Ndx Name
     0: 00000000     0 NOTYPE  LOCAL  DEFAULT  UND 
     1: 00000000     0 SECTION LOCAL  DEFAULT    1 
     2: 00000000     0 SECTION LOCAL  DEFAULT    2 
     3: 00000000     0 SECTION LOCAL  DEFAULT    3 
     4: 00000000     0 NOTYPE  LOCAL  DEFAULT    1 $t
     5: 00000054     0 NOTYPE  LOCAL  DEFAULT    1 AbilityGetter
     6: 0000000c     0 NOTYPE  LOCAL  DEFAULT    1 $d
     7: 0000000e     0 NOTYPE  LOCAL  DEFAULT    1 $t
     8: 00000030     0 NOTYPE  LOCAL  DEFAULT    1 NoTrade
     9: 0000001c     0 NOTYPE  LOCAL  DEFAULT    1 $d
    10: 0000001e     0 NOTYPE  LOCAL  DEFAULT    1 $t
    11: 0000004e     0 NOTYPE  LOCAL  DEFAULT    1 End
    12: 00000060     0 NOTYPE  LOCAL  DEFAULT    1 MuteCheck
    13: 00000042     0 NOTYPE  LOCAL  DEFAULT    1 Mute
    14: 00000058     0 NOTYPE  LOCAL  DEFAULT    1 PlaySound
    15: 00000040     0 NOTYPE  LOCAL  DEFAULT    1 $d
    16: 00000042     0 NOTYPE  LOCAL  DEFAULT    1 $t
    17: 0000005c     0 NOTYPE  LOCAL  DEFAULT    1 ReturnSkip
    18: 00000054     0 NOTYPE  LOCAL  DEFAULT    1 $d
    19: 00000000     0 SECTION LOCAL  DEFAULT    6 
    20: 0000000c     0 NOTYPE  LOCAL  DEFAULT    9 $d
    21: 00000000     0 SECTION LOCAL  DEFAULT    8 
    22: 00000000     0 SECTION LOCAL  DEFAULT    4 
    23: 00000000     0 SECTION LOCAL  DEFAULT    9 
    24: 00000000     0 SECTION LOCAL  DEFAULT   11 
